# JRE version: OpenJDK Runtime Environment (17.0.6) (build 17.0.6+0-b2043.56-10027231)
# Java VM: OpenJDK 64-Bit Server VM (17.0.6+0-b2043.56-10027231, mixed mode, tiered, compressed oops, compressed class ptrs, g1 gc, windows-amd64)
GC Precious Log:
 CPUs: 16 total, 16 available
 Memory: 15628M
 Large Page Support: Disabled
 NUMA Support: Disabled
 Compressed Oops: Enabled (Zero based)
 Heap Region Size: 2M
 Heap Min Capacity: 8M
 Heap Initial Capacity: 246M
 Heap Max Capacity: 3908M
 Pre-touch: Disabled
 Parallel Workers: 13
 Concurrent Workers: 3
 Concurrent Refinement Workers: 13
 Periodic GC: Disabled
Heap:
 garbage-first heap   total 237568K, used 135040K [0x000000070bc00000, 0x0000000800000000)
  region size 2048K, 16 young (32768K), 4 survivors (8192K)
 Metaspace       used 66187K, committed 66496K, reserved 1114112K
  class space    used 7247K, committed 7424K, reserved 1048576K
GC Heap History (20 events):
Event: 3.470 GC heap before
{Heap before GC invocations=18 (full 0):
 garbage-first heap   total 112640K, used 89284K [0x000000070bc00000, 0x0000000800000000)
  region size 2048K, 14 young (28672K), 1 survivors (2048K)
 Metaspace       used 57607K, committed 57920K, reserved 1105920K
  class space    used 6616K, committed 6784K, reserved 1048576K
}
Event: 3.474 GC heap after
{Heap after GC invocations=19 (full 0):
 garbage-first heap   total 151552K, used 64616K [0x000000070bc00000, 0x0000000800000000)
  region size 2048K, 2 young (4096K), 2 survivors (4096K)
 Metaspace       used 57607K, committed 57920K, reserved 1105920K
  class space    used 6616K, committed 6784K, reserved 1048576K
}
Event: 3.563 GC heap before
{Heap before GC invocations=20 (full 0):
 garbage-first heap   total 151552K, used 117864K [0x000000070bc00000, 0x0000000800000000)
  region size 2048K, 28 young (57344K), 2 survivors (4096K)
 Metaspace       used 57630K, committed 57984K, reserved 1105920K
  class space    used 6616K, committed 6784K, reserved 1048576K
}
Event: 3.569 GC heap after
{Heap after GC invocations=21 (full 0):
 garbage-first heap   total 151552K, used 70085K [0x000000070bc00000, 0x0000000800000000)
  region size 2048K, 4 young (8192K), 4 survivors (8192K)
 Metaspace       used 57630K, committed 57984K, reserved 1105920K
  class space    used 6616K, committed 6784K, reserved 1048576K
}
Event: 3.709 GC heap before
{Heap before GC invocations=21 (full 0):
 garbage-first heap   total 151552K, used 117189K [0x000000070bc00000, 0x0000000800000000)
  region size 2048K, 27 young (55296K), 4 survivors (8192K)
 Metaspace       used 57640K, committed 57984K, reserved 1105920K
  class space    used 6617K, committed 6784K, reserved 1048576K
}
Event: 3.716 GC heap after
{Heap after GC invocations=22 (full 0):
 garbage-first heap   total 151552K, used 74731K [0x000000070bc00000, 0x0000000800000000)
  region size 2048K, 3 young (6144K), 3 survivors (6144K)
 Metaspace       used 57640K, committed 57984K, reserved 1105920K
  class space    used 6617K, committed 6784K, reserved 1048576K
}
Event: 3.767 GC heap before
{Heap before GC invocations=22 (full 0):
 garbage-first heap   total 151552K, used 117739K [0x000000070bc00000, 0x0000000800000000)
  region size 2048K, 24 young (49152K), 3 survivors (6144K)
 Metaspace       used 57640K, committed 57984K, reserved 1105920K
  class space    used 6617K, committed 6784K, reserved 1048576K
}
Event: 3.772 GC heap after
{Heap after GC invocations=23 (full 0):
 garbage-first heap   total 151552K, used 79366K [0x000000070bc00000, 0x0000000800000000)
  region size 2048K, 3 young (6144K), 3 survivors (6144K)
 Metaspace       used 57640K, committed 57984K, reserved 1105920K
  class space    used 6617K, committed 6784K, reserved 1048576K
}
Event: 4.169 GC heap before
{Heap before GC invocations=24 (full 0):
 garbage-first heap   total 167936K, used 118278K [0x000000070bc00000, 0x0000000800000000)
  region size 2048K, 22 young (45056K), 3 survivors (6144K)
 Metaspace       used 59463K, committed 59712K, reserved 1105920K
  class space    used 6765K, committed 6912K, reserved 1048576K
}
Event: 4.176 GC heap after
{Heap after GC invocations=25 (full 0):
 garbage-first heap   total 167936K, used 85317K [0x000000070bc00000, 0x0000000800000000)
  region size 2048K, 3 young (6144K), 3 survivors (6144K)
 Metaspace       used 59463K, committed 59712K, reserved 1105920K
  class space    used 6765K, committed 6912K, reserved 1048576K
}
Event: 4.762 GC heap before
{Heap before GC invocations=25 (full 0):
 garbage-first heap   total 167936K, used 132421K [0x000000070bc00000, 0x0000000800000000)
  region size 2048K, 26 young (53248K), 3 survivors (6144K)
 Metaspace       used 62161K, committed 62464K, reserved 1105920K
  class space    used 6980K, committed 7104K, reserved 1048576K
}
Event: 4.772 GC heap after
{Heap after GC invocations=26 (full 0):
 garbage-first heap   total 167936K, used 92373K [0x000000070bc00000, 0x0000000800000000)
  region size 2048K, 4 young (8192K), 4 survivors (8192K)
 Metaspace       used 62161K, committed 62464K, reserved 1105920K
  class space    used 6980K, committed 7104K, reserved 1048576K
}
Event: 5.471 GC heap before
{Heap before GC invocations=27 (full 0):
 garbage-first heap   total 167936K, used 133333K [0x000000070bc00000, 0x0000000800000000)
  region size 2048K, 24 young (49152K), 4 survivors (8192K)
 Metaspace       used 63183K, committed 63488K, reserved 1105920K
  class space    used 7016K, committed 7168K, reserved 1048576K
}
Event: 5.479 GC heap after
{Heap after GC invocations=28 (full 0):
 garbage-first heap   total 167936K, used 97690K [0x000000070bc00000, 0x0000000800000000)
  region size 2048K, 3 young (6144K), 3 survivors (6144K)
 Metaspace       used 63183K, committed 63488K, reserved 1105920K
  class space    used 7016K, committed 7168K, reserved 1048576K
}
Event: 5.561 GC heap before
{Heap before GC invocations=28 (full 0):
 garbage-first heap   total 167936K, used 101786K [0x000000070bc00000, 0x0000000800000000)
  region size 2048K, 6 young (12288K), 3 survivors (6144K)
 Metaspace       used 63334K, committed 63616K, reserved 1105920K
  class space    used 7022K, committed 7168K, reserved 1048576K
}
Event: 5.565 GC heap after
{Heap after GC invocations=29 (full 0):
 garbage-first heap   total 237568K, used 98477K [0x000000070bc00000, 0x0000000800000000)
  region size 2048K, 1 young (2048K), 1 survivors (2048K)
 Metaspace       used 63334K, committed 63616K, reserved 1105920K
  class space    used 7022K, committed 7168K, reserved 1048576K
}
Event: 6.806 GC heap before
{Heap before GC invocations=29 (full 0):
 garbage-first heap   total 237568K, used 182445K [0x000000070bc00000, 0x0000000800000000)
  region size 2048K, 41 young (83968K), 1 survivors (2048K)
 Metaspace       used 65435K, committed 65728K, reserved 1114112K
  class space    used 7217K, committed 7360K, reserved 1048576K
}
Event: 6.811 GC heap after
{Heap after GC invocations=30 (full 0):
 garbage-first heap   total 237568K, used 108163K [0x000000070bc00000, 0x0000000800000000)
  region size 2048K, 5 young (10240K), 5 survivors (10240K)
 Metaspace       used 65435K, committed 65728K, reserved 1114112K
  class space    used 7217K, committed 7360K, reserved 1048576K
}
Event: 7.688 GC heap before
{Heap before GC invocations=30 (full 0):
 garbage-first heap   total 237568K, used 183939K [0x000000070bc00000, 0x0000000800000000)
  region size 2048K, 42 young (86016K), 5 survivors (10240K)
 Metaspace       used 66086K, committed 66432K, reserved 1114112K
  class space    used 7246K, committed 7424K, reserved 1048576K
}
Event: 7.695 GC heap after
{Heap after GC invocations=31 (full 0):
 garbage-first heap   total 237568K, used 112512K [0x000000070bc00000, 0x0000000800000000)
  region size 2048K, 4 young (8192K), 4 survivors (8192K)
 Metaspace       used 66086K, committed 66432K, reserved 1114112K
  class space    used 7246K, committed 7424K, reserved 1048576K
}

